<?xml version="1.0" encoding="UTF-8"?>
<!-- Generated by org.testng.reporters.JUnitXMLReporter -->
<testsuite ignored="0" hostname="MBP-Vera" failures="0" tests="3" name="Default test" time="11.302" errors="0" timestamp="2022-01-31T21:42:53 EET">
  <testcase classname="com.allure.Test1" name="logoPresence" time="0.129"/>
  <testcase classname="com.allure.Test1" name="titlePresence" time="0.035"/>
  <testcase classname="com.allure.Test1" name="registrationTest" time="0.006">
    <skipped/>
  </testcase> <!-- registrationTest -->
</testsuite> <!-- Default test -->
