<?xml version="1.0" encoding="UTF-8"?>
<!-- Generated by org.testng.reporters.JUnitXMLReporter -->
<testsuite ignored="0" hostname="MBP-Vera" failures="0" tests="3" name="Test" time="11.339" errors="0" timestamp="2022-02-01T10:08:25 EET">
  <testcase classname="com.allure.Test1" name="logoPresence" time="0.095"/>
  <testcase classname="com.allure.Test1" name="titlePresence" time="0.036"/>
  <testcase classname="com.allure.Test1" name="registrationTest" time="0.005">
    <skipped/>
  </testcase> <!-- registrationTest -->
</testsuite> <!-- Test -->
